<?xml version="1.0" encoding="UTF-8"?>
<testsuite xmlns:xsi="http://www.w3.org/2001/XMLSchema-instance" xsi:noNamespaceSchemaLocation="https://maven.apache.org/surefire/maven-surefire-plugin/xsd/surefire-test-report.xsd" name="AccountTest" time="0.12" tests="11" errors="0" skipped="0" failures="3">
  <properties>
[...]
</properties>
  <testcase name="onTryingToChangeMaxCreditWhenAmountIsBiggerThanBound_ReturnFalse" classname="AccountTest" time="0.002"/>
  <testcase name="onTryingWithdrawWhenAllOk_ReturnTrue" classname="AccountTest" time="0.014"/>
  <testcase name="onTryingToDepositSumWhenBalanceBecomesUpperBound_ReturnFalse" classname="AccountTest" time="0.048">
    <failure message="expected: &lt;false&gt; but was: &lt;true&gt;" type="org.opentest4j.AssertionFailedError"><![CDATA[org.opentest4j.AssertionFailedError: expected: <false> but was: <true>
	at AccountTest.onTryingToDepositSumWhenBalanceBecomesUpperBound_ReturnFalse(AccountTest.java:76)
]]></failure>
  </testcase>
  <testcase name="onTryingBlockWhenAllOk_ReturnTrue" classname="AccountTest" time="0.001"/>
  <testcase name="onTryingToChangeMaxCreditWhenAllIsOk_ReturnTrue" classname="AccountTest" time="0.001"/>
  <testcase name="onTryingDepositWhenAllOk_ReturnTrue" classname="AccountTest" time="0.003"/>
  <testcase name="onTryingToDepositOrWithdrawSumUpperBound_ReturnFalse" classname="AccountTest" time="0.001"/>
  <testcase name="onTryingToChangeMaxCreditWhenAccountNotBlocked_ReturnFalse" classname="AccountTest" time="0.005">
    <failure message="expected: &lt;false&gt; but was: &lt;true&gt;" type="org.opentest4j.AssertionFailedError"><![CDATA[org.opentest4j.AssertionFailedError: expected: <false> but was: <true>
	at AccountTest.onTryingToChangeMaxCreditWhenAccountNotBlocked_ReturnFalse(AccountTest.java:21)
]]></failure>
  </testcase>
  <testcase name="onTryingToDepositOrWithdrawNegativeSum_ReturnFalse" classname="AccountTest" time="0.001"/>
  <testcase name="onBlockedAccount_ReturnFalse" classname="AccountTest" time="0"/>
  <testcase name="onTryingUnblockWhenBalanceIsBelowCreditMaximum_ReturnFalse" classname="AccountTest" time="0.001">
    <failure message="expected: &lt;true&gt; but was: &lt;false&gt;" type="org.opentest4j.AssertionFailedError"><![CDATA[org.opentest4j.AssertionFailedError: expected: <true> but was: <false>
	at AccountTest.onTryingUnblockWhenBalanceIsBelowCreditMaximum_ReturnFalse(AccountTest.java:86)
]]></failure>
  </testcase>
</testsuite>